<?xml version="1.0" encoding="UTF-8"?>
<!-- Generated by org.testng.reporters.JUnitReportReporter -->
<testsuite hostname="DESKTOP-CEG95R8" failures="0" tests="3" name="databaseconnect.DatabaseTrail" time="0.021" errors="0" timestamp="29 Mar 2019 23:01:03 GMT" skipped="0">
  <testcase classname="databaseconnect.DatabaseTrail" name="test2" time="0.012"/>
  <testcase classname="databaseconnect.DatabaseTrail" name="test1" time="0.005"/>
  <testcase classname="databaseconnect.DatabaseTrail" name="test3" time="0.004"/>
</testsuite> <!-- databaseconnect.DatabaseTrail -->
