<?xml version="1.0" encoding="UTF-8"?>
<!-- Generated by org.testng.reporters.JUnitReportReporter -->
<testsuite hostname="DESKTOP-CEG95R8" failures="0" tests="3" name="kohls.KohlsSampleTest" time="0.020" errors="0" timestamp="29 Mar 2019 23:28:23 GMT" skipped="0">
  <testcase classname="kohls.KohlsSampleTest" name="Testcase2" time="0.007"/>
  <testcase classname="kohls.KohlsSampleTest" name="Testcase3" time="0.000"/>
  <testcase classname="kohls.KohlsSampleTest" name="Testcase1" time="0.013"/>
</testsuite> <!-- kohls.KohlsSampleTest -->
